<?xml version="1.0" encoding="UTF-8"?>
<!-- Generated by org.testng.reporters.JUnitReportReporter -->
<testsuite hostname="Shweta" failures="0" tests="1" name="cucumber.TestNGTestRunner" time="26.071" errors="0" timestamp="2025-01-14T13:35:39 EST" skipped="0">
  <testcase classname="cucumber.TestNGTestRunner" name="runScenario" time="26.071"/>
  <system-out/>
</testsuite> <!-- cucumber.TestNGTestRunner -->
