<?xml version="1.0" encoding="UTF-8"?>
<!-- Generated by org.testng.reporters.JUnitReportReporter -->
<testsuite hostname="Shweta" failures="0" tests="3" name="rahulshettyacademy.SeleniumFrameworkDesign.StandAloneTest" time="42.668" errors="0" timestamp="2025-01-07T19:38:26 EST" skipped="0">
  <testcase classname="rahulshettyacademy.SeleniumFrameworkDesign.StandAloneTest" name="OrderHistroyTest" time="9.981"/>
  <testcase classname="rahulshettyacademy.SeleniumFrameworkDesign.StandAloneTest" name="SatndAloneTest" time="11.711"/>
  <testcase classname="rahulshettyacademy.SeleniumFrameworkDesign.StandAloneTest" name="SatndAloneTest" time="20.976"/>
</testsuite> <!-- rahulshettyacademy.SeleniumFrameworkDesign.StandAloneTest -->
