<?xml version="1.0" encoding="UTF-8"?>
<!-- Generated by org.testng.reporters.JUnitReportReporter -->
<testsuite hostname="Shweta" failures="0" tests="2" name="rahulshettyacademy.SeleniumFrameworkDesign.SubmitOrderTest" time="47.188" errors="0" timestamp="2025-01-03T15:20:11 EST" skipped="0">
  <testcase classname="rahulshettyacademy.SeleniumFrameworkDesign.SubmitOrderTest" name="UsingHashmap" time="25.206"/>
  <testcase classname="rahulshettyacademy.SeleniumFrameworkDesign.SubmitOrderTest" name="UsingHashmap" time="21.982"/>
</testsuite> <!-- rahulshettyacademy.SeleniumFrameworkDesign.SubmitOrderTest -->
