<?xml version="1.0" encoding="UTF-8"?>
<!-- Generated by org.testng.reporters.JUnitReportReporter -->
<testsuite hostname="Shweta" failures="0" tests="2" name="rahulshettyacademy.SeleniumFrameworkDesign.UsingHashmapTest" time="49.518" errors="0" timestamp="2025-01-03T13:37:53 EST" skipped="0">
  <testcase classname="rahulshettyacademy.SeleniumFrameworkDesign.UsingHashmapTest" name="UsingHashmap" time="25.275"/>
  <testcase classname="rahulshettyacademy.SeleniumFrameworkDesign.UsingHashmapTest" name="UsingHashmap" time="24.243"/>
</testsuite> <!-- rahulshettyacademy.SeleniumFrameworkDesign.UsingHashmapTest -->
