<?xml version="1.0" encoding="UTF-8"?>
<!-- Generated by org.testng.reporters.JUnitReportReporter -->
<testsuite hostname="Shweta" failures="0" tests="1" name="rahulshettyacademy.SeleniumFrameworkDesign.Errorvalidation" time="12.452" errors="0" timestamp="2025-01-13T11:45:22 EST" skipped="0">
  <testcase classname="rahulshettyacademy.SeleniumFrameworkDesign.Errorvalidation" name="LoginErrorValidation" time="12.452"/>
</testsuite> <!-- rahulshettyacademy.SeleniumFrameworkDesign.Errorvalidation -->
